<?xml version="1.0" encoding="UTF-8"?>
<testsuite name="com.swagger.SwaggerApplicationTests" tests="1" skipped="0" failures="0" errors="0" timestamp="2016-09-18T11:01:50" hostname="Ummers-MacBook-Pro.local" time="0.014">
  <properties/>
  <testcase name="contextLoads" classname="com.swagger.SwaggerApplicationTests" time="0.014"/>
  <system-out><![CDATA[06:01:46.572 [Test worker] DEBUG org.springframework.test.context.junit4.SpringJUnit4ClassRunner - SpringJUnit4ClassRunner constructor called with [class com.swagger.SwaggerApplicationTests]
06:01:46.577 [Test worker] DEBUG org.springframework.test.context.BootstrapUtils - Instantiating CacheAwareContextLoaderDelegate from class [org.springframework.test.context.cache.DefaultCacheAwareContextLoaderDelegate]
06:01:46.584 [Test worker] DEBUG org.springframework.test.context.BootstrapUtils - Instantiating BootstrapContext using constructor [public org.springframework.test.context.support.DefaultBootstrapContext(java.lang.Class,org.springframework.test.context.CacheAwareContextLoaderDelegate)]
06:01:46.599 [Test worker] DEBUG org.springframework.test.context.BootstrapUtils - Instantiating TestContextBootstrapper for test class [com.swagger.SwaggerApplicationTests] from class [org.springframework.boot.test.context.SpringBootTestContextBootstrapper]
06:01:46.615 [Test worker] INFO org.springframework.boot.test.context.SpringBootTestContextBootstrapper - Neither @ContextConfiguration nor @ContextHierarchy found for test class [com.swagger.SwaggerApplicationTests], using SpringBootContextLoader
06:01:46.620 [Test worker] DEBUG org.springframework.test.context.support.AbstractContextLoader - Did not detect default resource location for test class [com.swagger.SwaggerApplicationTests]: class path resource [com/swagger/SwaggerApplicationTests-context.xml] does not exist
06:01:46.621 [Test worker] DEBUG org.springframework.test.context.support.AbstractContextLoader - Did not detect default resource location for test class [com.swagger.SwaggerApplicationTests]: class path resource [com/swagger/SwaggerApplicationTestsContext.groovy] does not exist
06:01:46.621 [Test worker] INFO org.springframework.test.context.support.AbstractContextLoader - Could not detect default resource locations for test class [com.swagger.SwaggerApplicationTests]: no resource found for suffixes {-context.xml, Context.groovy}.
06:01:46.622 [Test worker] INFO org.springframework.test.context.support.AnnotationConfigContextLoaderUtils - Could not detect default configuration classes for test class [com.swagger.SwaggerApplicationTests]: SwaggerApplicationTests does not declare any static, non-private, non-final, nested classes annotated with @Configuration.
06:01:46.660 [Test worker] DEBUG org.springframework.test.context.support.ActiveProfilesUtils - Could not find an 'annotation declaring class' for annotation type [org.springframework.test.context.ActiveProfiles] and class [com.swagger.SwaggerApplicationTests]
06:01:46.706 [Test worker] DEBUG org.springframework.core.env.StandardEnvironment - Adding [systemProperties] PropertySource with lowest search precedence
06:01:46.708 [Test worker] DEBUG org.springframework.core.env.StandardEnvironment - Adding [systemEnvironment] PropertySource with lowest search precedence
06:01:46.708 [Test worker] DEBUG org.springframework.core.env.StandardEnvironment - Initialized StandardEnvironment with PropertySources [systemProperties,systemEnvironment]
06:01:46.721 [Test worker] DEBUG org.springframework.core.io.support.PathMatchingResourcePatternResolver - Resolved classpath location [com/swagger/] to resources [URL [file:/Users/Sheru/IdeaProjects/spring-boot-samples/swagger/build/classes/test/com/swagger/], URL [file:/Users/Sheru/IdeaProjects/spring-boot-samples/swagger/build/classes/main/com/swagger/]]
06:01:46.721 [Test worker] DEBUG org.springframework.core.io.support.PathMatchingResourcePatternResolver - Looking for matching resources in directory tree [/Users/Sheru/IdeaProjects/spring-boot-samples/swagger/build/classes/test/com/swagger]
06:01:46.721 [Test worker] DEBUG org.springframework.core.io.support.PathMatchingResourcePatternResolver - Searching directory [/Users/Sheru/IdeaProjects/spring-boot-samples/swagger/build/classes/test/com/swagger] for files matching pattern [/Users/Sheru/IdeaProjects/spring-boot-samples/swagger/build/classes/test/com/swagger/*.class]
06:01:46.725 [Test worker] DEBUG org.springframework.core.io.support.PathMatchingResourcePatternResolver - Looking for matching resources in directory tree [/Users/Sheru/IdeaProjects/spring-boot-samples/swagger/build/classes/main/com/swagger]
06:01:46.725 [Test worker] DEBUG org.springframework.core.io.support.PathMatchingResourcePatternResolver - Searching directory [/Users/Sheru/IdeaProjects/spring-boot-samples/swagger/build/classes/main/com/swagger] for files matching pattern [/Users/Sheru/IdeaProjects/spring-boot-samples/swagger/build/classes/main/com/swagger/*.class]
06:01:46.725 [Test worker] DEBUG org.springframework.core.io.support.PathMatchingResourcePatternResolver - Resolved location pattern [classpath*:com/swagger/*.class] to resources [file [/Users/Sheru/IdeaProjects/spring-boot-samples/swagger/build/classes/test/com/swagger/SwaggerApplicationTests.class], file [/Users/Sheru/IdeaProjects/spring-boot-samples/swagger/build/classes/main/com/swagger/SwaggerApplication.class]]
06:01:46.790 [Test worker] DEBUG org.springframework.context.annotation.ClassPathScanningCandidateComponentProvider - Identified candidate component class: file [/Users/Sheru/IdeaProjects/spring-boot-samples/swagger/build/classes/main/com/swagger/SwaggerApplication.class]
06:01:46.791 [Test worker] INFO org.springframework.boot.test.context.SpringBootTestContextBootstrapper - Found @SpringBootConfiguration com.swagger.SwaggerApplication for test class com.swagger.SwaggerApplicationTests
06:01:46.795 [Test worker] DEBUG org.springframework.boot.test.context.SpringBootTestContextBootstrapper - @TestExecutionListeners is not present for class [com.swagger.SwaggerApplicationTests]: using defaults.
06:01:46.800 [Test worker] INFO org.springframework.boot.test.context.SpringBootTestContextBootstrapper - Loaded default TestExecutionListener class names from location [META-INF/spring.factories]: [org.springframework.boot.test.mock.mockito.MockitoTestExecutionListener, org.springframework.boot.test.mock.mockito.ResetMocksTestExecutionListener, org.springframework.boot.test.autoconfigure.AutoConfigureReportTestExecutionListener, org.springframework.boot.test.autoconfigure.restdocs.RestDocsTestExecutionListener, org.springframework.boot.test.autoconfigure.web.client.MockRestServiceServerResetTestExecutionListener, org.springframework.test.context.web.ServletTestExecutionListener, org.springframework.test.context.support.DirtiesContextBeforeModesTestExecutionListener, org.springframework.test.context.support.DependencyInjectionTestExecutionListener, org.springframework.test.context.support.DirtiesContextTestExecutionListener, org.springframework.test.context.transaction.TransactionalTestExecutionListener, org.springframework.test.context.jdbc.SqlScriptsTestExecutionListener]
06:01:46.809 [Test worker] INFO org.springframework.boot.test.context.SpringBootTestContextBootstrapper - Could not instantiate TestExecutionListener [org.springframework.test.context.transaction.TransactionalTestExecutionListener]. Specify custom listener classes or make the default listener classes (and their required dependencies) available. Offending class: [org/springframework/transaction/interceptor/TransactionAttributeSource]
06:01:46.809 [Test worker] INFO org.springframework.boot.test.context.SpringBootTestContextBootstrapper - Could not instantiate TestExecutionListener [org.springframework.test.context.jdbc.SqlScriptsTestExecutionListener]. Specify custom listener classes or make the default listener classes (and their required dependencies) available. Offending class: [org/springframework/transaction/interceptor/TransactionAttribute]
06:01:46.809 [Test worker] INFO org.springframework.boot.test.context.SpringBootTestContextBootstrapper - Using TestExecutionListeners: [org.springframework.test.context.web.ServletTestExecutionListener@6de95206, org.springframework.test.context.support.DirtiesContextBeforeModesTestExecutionListener@32e04a90, org.springframework.boot.test.autoconfigure.AutoConfigureReportTestExecutionListener@280e017, org.springframework.test.context.support.DependencyInjectionTestExecutionListener@385cc0d7, org.springframework.test.context.support.DirtiesContextTestExecutionListener@1f02dcb8, org.springframework.boot.test.mock.mockito.MockitoTestExecutionListener@2f06a102, org.springframework.boot.test.autoconfigure.restdocs.RestDocsTestExecutionListener@2a036cad, org.springframework.boot.test.mock.mockito.ResetMocksTestExecutionListener@74874b42, org.springframework.boot.test.autoconfigure.web.client.MockRestServiceServerResetTestExecutionListener@7d69ae76]
06:01:46.812 [Test worker] DEBUG org.springframework.test.annotation.ProfileValueUtils - Retrieved @ProfileValueSourceConfiguration [null] for test class [com.swagger.SwaggerApplicationTests]
06:01:46.813 [Test worker] DEBUG org.springframework.test.annotation.ProfileValueUtils - Retrieved ProfileValueSource type [class org.springframework.test.annotation.SystemProfileValueSource] for class [com.swagger.SwaggerApplicationTests]
06:01:46.813 [Test worker] DEBUG org.springframework.test.annotation.ProfileValueUtils - Retrieved @ProfileValueSourceConfiguration [null] for test class [com.swagger.SwaggerApplicationTests]
06:01:46.813 [Test worker] DEBUG org.springframework.test.annotation.ProfileValueUtils - Retrieved ProfileValueSource type [class org.springframework.test.annotation.SystemProfileValueSource] for class [com.swagger.SwaggerApplicationTests]
06:01:46.817 [Test worker] DEBUG org.springframework.test.context.support.AbstractDirtiesContextTestExecutionListener - Before test class: context [DefaultTestContext@3f576273 testClass = SwaggerApplicationTests, testInstance = [null], testMethod = [null], testException = [null], mergedContextConfiguration = [WebMergedContextConfiguration@6bf9f4ea testClass = SwaggerApplicationTests, locations = '{}', classes = '{class com.swagger.SwaggerApplication}', contextInitializerClasses = '[]', activeProfiles = '{}', propertySourceLocations = '{}', propertySourceProperties = '{org.springframework.boot.test.context.SpringBootTestContextBootstrapper=true}', contextCustomizers = set[org.springframework.boot.test.context.SpringBootTestContextCustomizer@1647886b, org.springframework.boot.test.context.filter.ExcludeFilterContextCustomizer@1c957146, org.springframework.boot.test.mock.mockito.MockitoContextCustomizer@0, org.springframework.boot.test.autoconfigure.properties.PropertyMappingContextCustomizer@0], resourceBasePath = 'src/main/webapp', contextLoader = 'org.springframework.boot.test.context.SpringBootContextLoader', parent = [null]]], class annotated with @DirtiesContext [false] with mode [null].
06:01:46.818 [Test worker] DEBUG org.springframework.test.annotation.ProfileValueUtils - Retrieved @ProfileValueSourceConfiguration [null] for test class [com.swagger.SwaggerApplicationTests]
06:01:46.818 [Test worker] DEBUG org.springframework.test.annotation.ProfileValueUtils - Retrieved ProfileValueSource type [class org.springframework.test.annotation.SystemProfileValueSource] for class [com.swagger.SwaggerApplicationTests]
06:01:46.854 [Test worker] DEBUG org.springframework.core.env.StandardEnvironment - Adding [systemProperties] PropertySource with lowest search precedence
06:01:46.854 [Test worker] DEBUG org.springframework.core.env.StandardEnvironment - Adding [systemEnvironment] PropertySource with lowest search precedence
06:01:46.854 [Test worker] DEBUG org.springframework.core.env.StandardEnvironment - Initialized StandardEnvironment with PropertySources [systemProperties,systemEnvironment]
06:01:46.856 [Test worker] DEBUG org.springframework.test.context.support.TestPropertySourceUtils - Adding inlined properties to environment: {spring.jmx.enabled=false, org.springframework.boot.test.context.SpringBootTestContextBootstrapper=true, server.port=-1}
06:01:46.856 [Test worker] DEBUG org.springframework.core.env.StandardEnvironment - Adding [Inlined Test Properties] PropertySource with highest search precedence

  .   ____          _            __ _ _
 /\\ / ___'_ __ _ _(_)_ __  __ _ \ \ \ \
( ( )\___ | '_ | '_| | '_ \/ _` | \ \ \ \
 \\/  ___)| |_)| | | | | || (_| |  ) ) ) )
  '  |____| .__|_| |_|_| |_\__, | / / / /
 =========|_|==============|___/=/_/_/_/
 :: Spring Boot ::        (v1.4.0.RELEASE)

2016-09-18 06:01:47.274  INFO 5891 --- [    Test worker] com.swagger.SwaggerApplicationTests      : Starting SwaggerApplicationTests on Ummers-MacBook-Pro.local with PID 5891 (started by Sheru in /Users/Sheru/IdeaProjects/spring-boot-samples/swagger)
2016-09-18 06:01:47.275  INFO 5891 --- [    Test worker] com.swagger.SwaggerApplicationTests      : No active profile set, falling back to default profiles: default
2016-09-18 06:01:47.317  INFO 5891 --- [    Test worker] o.s.w.c.s.GenericWebApplicationContext   : Refreshing org.springframework.web.context.support.GenericWebApplicationContext@57759cdf: startup date [Sun Sep 18 06:01:47 CDT 2016]; root of context hierarchy
2016-09-18 06:01:48.645  INFO 5891 --- [    Test worker] trationDelegate$BeanPostProcessorChecker : Bean 'org.springframework.ws.config.annotation.DelegatingWsConfiguration' of type [class org.springframework.ws.config.annotation.DelegatingWsConfiguration$$EnhancerBySpringCGLIB$$e778190b] is not eligible for getting processed by all BeanPostProcessors (for example: not eligible for auto-proxying)
2016-09-18 06:01:48.683  INFO 5891 --- [    Test worker] .w.s.a.s.AnnotationActionEndpointMapping : Supporting [WS-Addressing August 2004, WS-Addressing 1.0]
2016-09-18 06:01:49.512  INFO 5891 --- [    Test worker] s.w.s.m.m.a.RequestMappingHandlerAdapter : Looking for @ControllerAdvice: org.springframework.web.context.support.GenericWebApplicationContext@57759cdf: startup date [Sun Sep 18 06:01:47 CDT 2016]; root of context hierarchy
2016-09-18 06:01:49.594  INFO 5891 --- [    Test worker] s.w.s.m.m.a.RequestMappingHandlerMapping : Mapped "{[/]}" onto public java.lang.String com.swagger.controller.HelloController.welcome()
2016-09-18 06:01:49.599  INFO 5891 --- [    Test worker] s.w.s.m.m.a.RequestMappingHandlerMapping : Mapped "{[/error]}" onto public org.springframework.http.ResponseEntity<java.util.Map<java.lang.String, java.lang.Object>> org.springframework.boot.autoconfigure.web.BasicErrorController.error(javax.servlet.http.HttpServletRequest)
2016-09-18 06:01:49.599  INFO 5891 --- [    Test worker] s.w.s.m.m.a.RequestMappingHandlerMapping : Mapped "{[/error],produces=[text/html]}" onto public org.springframework.web.servlet.ModelAndView org.springframework.boot.autoconfigure.web.BasicErrorController.errorHtml(javax.servlet.http.HttpServletRequest,javax.servlet.http.HttpServletResponse)
2016-09-18 06:01:49.635  INFO 5891 --- [    Test worker] o.s.w.s.handler.SimpleUrlHandlerMapping  : Mapped URL path [/webjars/**] onto handler of type [class org.springframework.web.servlet.resource.ResourceHttpRequestHandler]
2016-09-18 06:01:49.635  INFO 5891 --- [    Test worker] o.s.w.s.handler.SimpleUrlHandlerMapping  : Mapped URL path [/**] onto handler of type [class org.springframework.web.servlet.resource.ResourceHttpRequestHandler]
2016-09-18 06:01:49.683  INFO 5891 --- [    Test worker] o.s.w.s.handler.SimpleUrlHandlerMapping  : Mapped URL path [/**/favicon.ico] onto handler of type [class org.springframework.web.servlet.resource.ResourceHttpRequestHandler]
2016-09-18 06:01:50.105  INFO 5891 --- [    Test worker] o.s.b.a.e.mvc.EndpointHandlerMapping     : Mapped "{[/health || /health.json],produces=[application/json]}" onto public java.lang.Object org.springframework.boot.actuate.endpoint.mvc.HealthMvcEndpoint.invoke(java.security.Principal)
2016-09-18 06:01:50.112  INFO 5891 --- [    Test worker] o.s.b.a.e.mvc.EndpointHandlerMapping     : Mapped "{[/env/{name:.*}],methods=[GET],produces=[application/json]}" onto public java.lang.Object org.springframework.boot.actuate.endpoint.mvc.EnvironmentMvcEndpoint.value(java.lang.String)
2016-09-18 06:01:50.113  INFO 5891 --- [    Test worker] o.s.b.a.e.mvc.EndpointHandlerMapping     : Mapped "{[/env || /env.json],methods=[GET],produces=[application/json]}" onto public java.lang.Object org.springframework.boot.actuate.endpoint.mvc.EndpointMvcAdapter.invoke()
2016-09-18 06:01:50.115  INFO 5891 --- [    Test worker] o.s.b.a.e.mvc.EndpointHandlerMapping     : Mapped "{[/dump || /dump.json],methods=[GET],produces=[application/json]}" onto public java.lang.Object org.springframework.boot.actuate.endpoint.mvc.EndpointMvcAdapter.invoke()
2016-09-18 06:01:50.116  INFO 5891 --- [    Test worker] o.s.b.a.e.mvc.EndpointHandlerMapping     : Mapped "{[/beans || /beans.json],methods=[GET],produces=[application/json]}" onto public java.lang.Object org.springframework.boot.actuate.endpoint.mvc.EndpointMvcAdapter.invoke()
2016-09-18 06:01:50.119  INFO 5891 --- [    Test worker] o.s.b.a.e.mvc.EndpointHandlerMapping     : Mapped "{[/metrics/{name:.*}],methods=[GET],produces=[application/json]}" onto public java.lang.Object org.springframework.boot.actuate.endpoint.mvc.MetricsMvcEndpoint.value(java.lang.String)
2016-09-18 06:01:50.119  INFO 5891 --- [    Test worker] o.s.b.a.e.mvc.EndpointHandlerMapping     : Mapped "{[/metrics || /metrics.json],methods=[GET],produces=[application/json]}" onto public java.lang.Object org.springframework.boot.actuate.endpoint.mvc.EndpointMvcAdapter.invoke()
2016-09-18 06:01:50.121  INFO 5891 --- [    Test worker] o.s.b.a.e.mvc.EndpointHandlerMapping     : Mapped "{[/heapdump || /heapdump.json],methods=[GET],produces=[application/octet-stream]}" onto public void org.springframework.boot.actuate.endpoint.mvc.HeapdumpMvcEndpoint.invoke(boolean,javax.servlet.http.HttpServletRequest,javax.servlet.http.HttpServletResponse) throws java.io.IOException,javax.servlet.ServletException
2016-09-18 06:01:50.123  INFO 5891 --- [    Test worker] o.s.b.a.e.mvc.EndpointHandlerMapping     : Mapped "{[/mappings || /mappings.json],methods=[GET],produces=[application/json]}" onto public java.lang.Object org.springframework.boot.actuate.endpoint.mvc.EndpointMvcAdapter.invoke()
2016-09-18 06:01:50.127  INFO 5891 --- [    Test worker] o.s.b.a.e.mvc.EndpointHandlerMapping     : Mapped "{[/info || /info.json],methods=[GET],produces=[application/json]}" onto public java.lang.Object org.springframework.boot.actuate.endpoint.mvc.EndpointMvcAdapter.invoke()
2016-09-18 06:01:50.130  INFO 5891 --- [    Test worker] o.s.b.a.e.mvc.EndpointHandlerMapping     : Mapped "{[/configprops || /configprops.json],methods=[GET],produces=[application/json]}" onto public java.lang.Object org.springframework.boot.actuate.endpoint.mvc.EndpointMvcAdapter.invoke()
2016-09-18 06:01:50.132  INFO 5891 --- [    Test worker] o.s.b.a.e.mvc.EndpointHandlerMapping     : Mapped "{[/trace || /trace.json],methods=[GET],produces=[application/json]}" onto public java.lang.Object org.springframework.boot.actuate.endpoint.mvc.EndpointMvcAdapter.invoke()
2016-09-18 06:01:50.133  INFO 5891 --- [    Test worker] o.s.b.a.e.mvc.EndpointHandlerMapping     : Mapped "{[/autoconfig || /autoconfig.json],methods=[GET],produces=[application/json]}" onto public java.lang.Object org.springframework.boot.actuate.endpoint.mvc.EndpointMvcAdapter.invoke()
2016-09-18 06:01:50.501  INFO 5891 --- [    Test worker] com.swagger.SwaggerApplicationTests      : Started SwaggerApplicationTests in 3.635 seconds (JVM running for 4.772)
]]></system-out>
  <system-err><![CDATA[]]></system-err>
</testsuite>
